Args in experiment:
Namespace(is_training=1, model_id='miraeH_Autoformer', model='Autoformer', data='miraeH', root_path='./data/ETT/', data_path='ETTh1.csv', features='M', target='OT', freq='h', checkpoints='./checkpoints/', x_data_path='../Data/x_H.npy', y_data_path='../Data/y_H.npy', seq_len=72, label_len=12, pred_len=12, hidden_size=128, input_size=22, individual=False, embed_type=0, enc_in=22, dec_in=22, c_out=1, d_model=512, n_heads=8, e_layers=2, d_layers=1, d_ff=2048, moving_avg=25, factor=3, distil=True, dropout=0.05, embed='timeF', activation='gelu', output_attention=False, do_predict=False, num_workers=10, itr=1, train_epochs=200, batch_size=256, patience=3, learning_rate=0.001, des='Exp', loss='mse', lradj='type1', use_amp=False, use_gpu=True, gpu=0, use_multi_gpu=False, devices='0,1,2,3', test_flop=False)
Use GPU: cuda:0
>>>>>>>start training : miraeH_Autoformer_Autoformer_miraeH_ftM_sl72_ll12_pl12_dm512_nh8_el2_dl1_df2048_fc3_ebtimeF_dtTrue_Exp_0>>>>>>>>>>>>>>>>>>>>>>>>>>
train
val
test
Epoch: 1 cost time: 5.329407453536987
Epoch: 1, Steps: 18 | Train Loss: 5.8073684 Vali Loss: 0.5811419 Test Loss: 0.5241451 

Epoch: 2 cost time: 4.37267804145813
Epoch: 2, Steps: 18 | Train Loss: 0.4572429 Vali Loss: 0.1000988 Test Loss: 0.0815703 

Epoch: 3 cost time: 3.9465434551239014
Epoch: 3, Steps: 18 | Train Loss: 0.0900165 Vali Loss: 0.0782465 Test Loss: 0.0742801 

Epoch: 4 cost time: 3.849491596221924
Epoch: 4, Steps: 18 | Train Loss: 0.0465924 Vali Loss: 0.0157210 Test Loss: 0.0104860 

Epoch: 5 cost time: 3.908242702484131
Epoch: 5, Steps: 18 | Train Loss: 0.0286961 Vali Loss: 0.0140869 Test Loss: 0.0112921 

Epoch: 6 cost time: 3.9026191234588623
Epoch: 6, Steps: 18 | Train Loss: 0.0233406 Vali Loss: 0.0042665 Test Loss: 0.0037394 

Epoch: 7 cost time: 3.996115207672119
Epoch: 7, Steps: 18 | Train Loss: 0.0183666 Vali Loss: 0.0026429 Test Loss: 0.0019877 

Epoch: 8 cost time: 3.8555591106414795
Epoch: 8, Steps: 18 | Train Loss: 0.0154496 Vali Loss: 0.0038436 Test Loss: 0.0034220 

Epoch: 9 cost time: 4.027093172073364
Epoch: 9, Steps: 18 | Train Loss: 0.0133355 Vali Loss: 0.0040101 Test Loss: 0.0033675 

Epoch: 10 cost time: 4.117586612701416
Epoch: 10, Steps: 18 | Train Loss: 0.0123586 Vali Loss: 0.0019233 Test Loss: 0.0018211 

Epoch: 11 cost time: 3.9140865802764893
Epoch: 11, Steps: 18 | Train Loss: 0.0115839 Vali Loss: 0.0009071 Test Loss: 0.0008795 

Epoch: 12 cost time: 4.059370756149292
Epoch: 12, Steps: 18 | Train Loss: 0.0105634 Vali Loss: 0.0005727 Test Loss: 0.0005854 

Epoch: 13 cost time: 4.261215686798096
Epoch: 13, Steps: 18 | Train Loss: 0.0096009 Vali Loss: 0.0004481 Test Loss: 0.0004336 

Epoch: 14 cost time: 3.9471068382263184
Epoch: 14, Steps: 18 | Train Loss: 0.0084976 Vali Loss: 0.0004311 Test Loss: 0.0004287 

Epoch: 15 cost time: 3.931008815765381
Epoch: 15, Steps: 18 | Train Loss: 0.0076614 Vali Loss: 0.0004935 Test Loss: 0.0004843 

Epoch: 16 cost time: 4.062030792236328
Epoch: 16, Steps: 18 | Train Loss: 0.0071544 Vali Loss: 0.0003818 Test Loss: 0.0004003 

Epoch: 17 cost time: 4.5213236808776855
Epoch: 17, Steps: 18 | Train Loss: 0.0066958 Vali Loss: 0.0003766 Test Loss: 0.0003904 

Epoch: 18 cost time: 3.8834636211395264
Epoch: 18, Steps: 18 | Train Loss: 0.0062250 Vali Loss: 0.0005362 Test Loss: 0.0005382 

Epoch: 19 cost time: 4.005982875823975
Epoch: 19, Steps: 18 | Train Loss: 0.0060429 Vali Loss: 0.0003616 Test Loss: 0.0003679 

Epoch: 20 cost time: 4.167084217071533
Epoch: 20, Steps: 18 | Train Loss: 0.0055951 Vali Loss: 0.0003166 Test Loss: 0.0003339 

Epoch: 21 cost time: 3.9671075344085693
Epoch: 21, Steps: 18 | Train Loss: 0.0053543 Vali Loss: 0.0003903 Test Loss: 0.0003955 

Epoch: 22 cost time: 4.024200677871704
Epoch: 22, Steps: 18 | Train Loss: 0.0051121 Vali Loss: 0.0003232 Test Loss: 0.0003364 

Epoch: 23 cost time: 4.081247329711914
Epoch: 23, Steps: 18 | Train Loss: 0.0048074 Vali Loss: 0.0004095 Test Loss: 0.0004215 

Epoch: 24 cost time: 4.104898452758789
Epoch: 24, Steps: 18 | Train Loss: 0.0045384 Vali Loss: 0.0002718 Test Loss: 0.0002862 

Epoch: 25 cost time: 4.032681941986084
Epoch: 25, Steps: 18 | Train Loss: 0.0044269 Vali Loss: 0.0002602 Test Loss: 0.0002768 

Epoch: 26 cost time: 4.071333885192871
Epoch: 26, Steps: 18 | Train Loss: 0.0042980 Vali Loss: 0.0002941 Test Loss: 0.0003059 

Epoch: 27 cost time: 4.003500938415527
Epoch: 27, Steps: 18 | Train Loss: 0.0040834 Vali Loss: 0.0002979 Test Loss: 0.0002995 

Epoch: 28 cost time: 3.846273899078369
Epoch: 28, Steps: 18 | Train Loss: 0.0039811 Vali Loss: 0.0002703 Test Loss: 0.0002847 

Epoch: 29 cost time: 4.078315019607544
Epoch: 29, Steps: 18 | Train Loss: 0.0038234 Vali Loss: 0.0002632 Test Loss: 0.0002815 

Epoch: 30 cost time: 4.123549938201904
Epoch: 30, Steps: 18 | Train Loss: 0.0037681 Vali Loss: 0.0002807 Test Loss: 0.0003001 

Epoch: 31 cost time: 4.323177814483643
Epoch: 31, Steps: 18 | Train Loss: 0.0036170 Vali Loss: 0.0002541 Test Loss: 0.0002716 

Epoch: 32 cost time: 4.002319812774658
Epoch: 32, Steps: 18 | Train Loss: 0.0035373 Vali Loss: 0.0002572 Test Loss: 0.0002737 

Epoch: 33 cost time: 4.050889492034912
Epoch: 33, Steps: 18 | Train Loss: 0.0033698 Vali Loss: 0.0002683 Test Loss: 0.0002879 

Epoch: 34 cost time: 3.937411069869995
Epoch: 34, Steps: 18 | Train Loss: 0.0033108 Vali Loss: 0.0002596 Test Loss: 0.0002790 

Epoch: 35 cost time: 4.011110067367554
Epoch: 35, Steps: 18 | Train Loss: 0.0031879 Vali Loss: 0.0002480 Test Loss: 0.0002636 

Epoch: 36 cost time: 3.9214279651641846
Epoch: 36, Steps: 18 | Train Loss: 0.0031269 Vali Loss: 0.0002790 Test Loss: 0.0002972 

Epoch: 37 cost time: 4.038127660751343
Epoch: 37, Steps: 18 | Train Loss: 0.0031218 Vali Loss: 0.0002981 Test Loss: 0.0003145 

Epoch: 38 cost time: 4.296748399734497
Epoch: 38, Steps: 18 | Train Loss: 0.0030398 Vali Loss: 0.0002523 Test Loss: 0.0002730 

Epoch: 39 cost time: 3.9376094341278076
Epoch: 39, Steps: 18 | Train Loss: 0.0029271 Vali Loss: 0.0004620 Test Loss: 0.0004895 

Epoch: 40 cost time: 4.007840156555176
Epoch: 40, Steps: 18 | Train Loss: 0.0028545 Vali Loss: 0.0002485 Test Loss: 0.0002676 

Epoch: 41 cost time: 3.9590840339660645
Epoch: 41, Steps: 18 | Train Loss: 0.0027568 Vali Loss: 0.0002403 Test Loss: 0.0002577 

Epoch: 42 cost time: 3.9900290966033936
Epoch: 42, Steps: 18 | Train Loss: 0.0027306 Vali Loss: 0.0004720 Test Loss: 0.0005012 

Epoch: 43 cost time: 3.990097761154175
Epoch: 43, Steps: 18 | Train Loss: 0.0026260 Vali Loss: 0.0003130 Test Loss: 0.0003349 

Epoch: 44 cost time: 3.8859055042266846
Epoch: 44, Steps: 18 | Train Loss: 0.0026241 Vali Loss: 0.0002539 Test Loss: 0.0002752 

Epoch: 45 cost time: 3.84324049949646
Epoch: 45, Steps: 18 | Train Loss: 0.0025601 Vali Loss: 0.0002478 Test Loss: 0.0002681 

Epoch: 46 cost time: 4.051803350448608
Epoch: 46, Steps: 18 | Train Loss: 0.0025986 Vali Loss: 0.0002305 Test Loss: 0.0002508 

Epoch: 47 cost time: 4.041984796524048
Epoch: 47, Steps: 18 | Train Loss: 0.0024491 Vali Loss: 0.0002367 Test Loss: 0.0002546 

Epoch: 48 cost time: 4.062902927398682
Epoch: 48, Steps: 18 | Train Loss: 0.0024022 Vali Loss: 0.0002692 Test Loss: 0.0002921 

Epoch: 49 cost time: 4.003727674484253
Epoch: 49, Steps: 18 | Train Loss: 0.0023809 Vali Loss: 0.0002482 Test Loss: 0.0002725 

Epoch: 50 cost time: 3.8867757320404053
Epoch: 50, Steps: 18 | Train Loss: 0.0022503 Vali Loss: 0.0002737 Test Loss: 0.0002913 

Epoch: 51 cost time: 3.8402514457702637
Epoch: 51, Steps: 18 | Train Loss: 0.0021655 Vali Loss: 0.0002472 Test Loss: 0.0002705 

Epoch: 52 cost time: 4.018866300582886
Epoch: 52, Steps: 18 | Train Loss: 0.0021500 Vali Loss: 0.0002440 Test Loss: 0.0002687 

Epoch: 53 cost time: 3.858543872833252
Epoch: 53, Steps: 18 | Train Loss: 0.0020673 Vali Loss: 0.0002826 Test Loss: 0.0003031 

Epoch: 54 cost time: 3.8532822132110596
Epoch: 54, Steps: 18 | Train Loss: 0.0020614 Vali Loss: 0.0002396 Test Loss: 0.0002635 

Epoch: 55 cost time: 4.009328365325928
Epoch: 55, Steps: 18 | Train Loss: 0.0020240 Vali Loss: 0.0002304 Test Loss: 0.0002521 

Epoch: 56 cost time: 4.072473049163818
Epoch: 56, Steps: 18 | Train Loss: 0.0020120 Vali Loss: 0.0002497 Test Loss: 0.0002656 

Epoch: 57 cost time: 3.844182252883911
Epoch: 57, Steps: 18 | Train Loss: 0.0020193 Vali Loss: 0.0002710 Test Loss: 0.0002951 

Epoch: 58 cost time: 4.476162672042847
Epoch: 58, Steps: 18 | Train Loss: 0.0020681 Vali Loss: 0.0002711 Test Loss: 0.0002968 

Epoch: 59 cost time: 3.856713056564331
Epoch: 59, Steps: 18 | Train Loss: 0.0019781 Vali Loss: 0.0003359 Test Loss: 0.0003639 

Epoch: 60 cost time: 3.8934714794158936
Epoch: 60, Steps: 18 | Train Loss: 0.0020818 Vali Loss: 0.0005069 Test Loss: 0.0005469 

Epoch: 61 cost time: 4.060476541519165
Epoch: 61, Steps: 18 | Train Loss: 0.0019471 Vali Loss: 0.0002564 Test Loss: 0.0002772 

Epoch: 62 cost time: 3.9952480792999268
Epoch: 62, Steps: 18 | Train Loss: 0.0018469 Vali Loss: 0.0003687 Test Loss: 0.0003920 

Epoch: 63 cost time: 4.090967893600464
Epoch: 63, Steps: 18 | Train Loss: 0.0018620 Vali Loss: 0.0003274 Test Loss: 0.0003518 

Epoch: 64 cost time: 3.994426965713501
Epoch: 64, Steps: 18 | Train Loss: 0.0018275 Vali Loss: 0.0002582 Test Loss: 0.0002820 

Epoch: 65 cost time: 4.508668422698975
Epoch: 65, Steps: 18 | Train Loss: 0.0017373 Vali Loss: 0.0002369 Test Loss: 0.0002611 

Epoch: 66 cost time: 3.9619500637054443
Epoch: 66, Steps: 18 | Train Loss: 0.0017382 Vali Loss: 0.0002266 Test Loss: 0.0002485 

Epoch: 67 cost time: 3.880007028579712
Epoch: 67, Steps: 18 | Train Loss: 0.0017312 Vali Loss: 0.0003170 Test Loss: 0.0003490 

Epoch: 68 cost time: 3.991243362426758
Epoch: 68, Steps: 18 | Train Loss: 0.0017094 Vali Loss: 0.0002700 Test Loss: 0.0002889 

Epoch: 69 cost time: 4.0083465576171875
Epoch: 69, Steps: 18 | Train Loss: 0.0016528 Vali Loss: 0.0002324 Test Loss: 0.0002555 

Epoch: 70 cost time: 4.0011513233184814
Epoch: 70, Steps: 18 | Train Loss: 0.0016724 Vali Loss: 0.0009620 Test Loss: 0.0010015 

Epoch: 71 cost time: 3.8745150566101074
Epoch: 71, Steps: 18 | Train Loss: 0.0016719 Vali Loss: 0.0002251 Test Loss: 0.0002458 

Epoch: 72 cost time: 3.9206693172454834
Epoch: 72, Steps: 18 | Train Loss: 0.0018393 Vali Loss: 0.0002763 Test Loss: 0.0003046 

Epoch: 73 cost time: 4.005083799362183
Epoch: 73, Steps: 18 | Train Loss: 0.0015991 Vali Loss: 0.0002676 Test Loss: 0.0002913 

Epoch: 74 cost time: 4.135261058807373
Epoch: 74, Steps: 18 | Train Loss: 0.0017457 Vali Loss: 0.0002543 Test Loss: 0.0002761 

Epoch: 75 cost time: 4.018326044082642
Epoch: 75, Steps: 18 | Train Loss: 0.0015726 Vali Loss: 0.0010150 Test Loss: 0.0010385 

Epoch: 76 cost time: 4.081556081771851
Epoch: 76, Steps: 18 | Train Loss: 0.0017617 Vali Loss: 0.0003279 Test Loss: 0.0003477 

Epoch: 77 cost time: 3.8430464267730713
Epoch: 77, Steps: 18 | Train Loss: 0.0015235 Vali Loss: 0.0004736 Test Loss: 0.0005053 

Epoch: 78 cost time: 3.9190499782562256
Epoch: 78, Steps: 18 | Train Loss: 0.0016363 Vali Loss: 0.0002517 Test Loss: 0.0002731 

Epoch: 79 cost time: 4.057762622833252
Epoch: 79, Steps: 18 | Train Loss: 0.0014984 Vali Loss: 0.0002246 Test Loss: 0.0002471 

Epoch: 80 cost time: 3.9502532482147217
Epoch: 80, Steps: 18 | Train Loss: 0.0014526 Vali Loss: 0.0002332 Test Loss: 0.0002558 

Epoch: 81 cost time: 3.984550952911377
Epoch: 81, Steps: 18 | Train Loss: 0.0014022 Vali Loss: 0.0002304 Test Loss: 0.0002543 

Epoch: 82 cost time: 3.9514379501342773
Epoch: 82, Steps: 18 | Train Loss: 0.0014435 Vali Loss: 0.0003490 Test Loss: 0.0003777 

Epoch: 83 cost time: 3.922452211380005
Epoch: 83, Steps: 18 | Train Loss: 0.0014813 Vali Loss: 0.0003282 Test Loss: 0.0003481 

Epoch: 84 cost time: 4.022892475128174
Epoch: 84, Steps: 18 | Train Loss: 0.0015219 Vali Loss: 0.0002467 Test Loss: 0.0002696 

Epoch: 85 cost time: 4.171650409698486
Epoch: 85, Steps: 18 | Train Loss: 0.0013776 Vali Loss: 0.0006679 Test Loss: 0.0006827 

Epoch: 86 cost time: 3.95731520652771
Epoch: 86, Steps: 18 | Train Loss: 0.0015064 Vali Loss: 0.0002231 Test Loss: 0.0002450 

Epoch: 87 cost time: 3.872774124145508
Epoch: 87, Steps: 18 | Train Loss: 0.0014691 Vali Loss: 0.0003394 Test Loss: 0.0003679 

Epoch: 88 cost time: 4.056091547012329
Epoch: 88, Steps: 18 | Train Loss: 0.0014008 Vali Loss: 0.0002548 Test Loss: 0.0002780 

Epoch: 89 cost time: 3.8163506984710693
Epoch: 89, Steps: 18 | Train Loss: 0.0013691 Vali Loss: 0.0002374 Test Loss: 0.0002599 

Epoch: 90 cost time: 3.913784980773926
Epoch: 90, Steps: 18 | Train Loss: 0.0013007 Vali Loss: 0.0002623 Test Loss: 0.0002881 

Epoch: 91 cost time: 4.037256479263306
Epoch: 91, Steps: 18 | Train Loss: 0.0013069 Vali Loss: 0.0002251 Test Loss: 0.0002482 

Epoch: 92 cost time: 3.9844970703125
Epoch: 92, Steps: 18 | Train Loss: 0.0013540 Vali Loss: 0.0002924 Test Loss: 0.0003178 

Epoch: 93 cost time: 3.9415194988250732
Epoch: 93, Steps: 18 | Train Loss: 0.0013346 Vali Loss: 0.0002488 Test Loss: 0.0002712 

Epoch: 94 cost time: 4.17188572883606
Epoch: 94, Steps: 18 | Train Loss: 0.0012581 Vali Loss: 0.0004980 Test Loss: 0.0005296 

Epoch: 95 cost time: 4.102386474609375
Epoch: 95, Steps: 18 | Train Loss: 0.0013225 Vali Loss: 0.0002282 Test Loss: 0.0002492 

Epoch: 96 cost time: 4.019072771072388
Epoch: 96, Steps: 18 | Train Loss: 0.0012481 Vali Loss: 0.0014686 Test Loss: 0.0014846 

Epoch: 97 cost time: 3.929691791534424
Epoch: 97, Steps: 18 | Train Loss: 0.0018474 Vali Loss: 0.0003009 Test Loss: 0.0003182 

Epoch: 98 cost time: 3.865973472595215
Epoch: 98, Steps: 18 | Train Loss: 0.0012992 Vali Loss: 0.0004925 Test Loss: 0.0005108 

Epoch: 99 cost time: 4.091673135757446
Epoch: 99, Steps: 18 | Train Loss: 0.0013334 Vali Loss: 0.0003657 Test Loss: 0.0003951 

Epoch: 100 cost time: 4.147795677185059
Epoch: 100, Steps: 18 | Train Loss: 0.0012056 Vali Loss: 0.0002542 Test Loss: 0.0002735 

Epoch: 101 cost time: 4.0863542556762695
Epoch: 101, Steps: 18 | Train Loss: 0.0011723 Vali Loss: 0.0004067 Test Loss: 0.0004244 

Epoch: 102 cost time: 4.406915903091431
Epoch: 102, Steps: 18 | Train Loss: 0.0013103 Vali Loss: 0.0003136 Test Loss: 0.0003397 

Epoch: 103 cost time: 4.521468639373779
Epoch: 103, Steps: 18 | Train Loss: 0.0011643 Vali Loss: 0.0002666 Test Loss: 0.0002865 

Epoch: 104 cost time: 4.488988637924194
Epoch: 104, Steps: 18 | Train Loss: 0.0012042 Vali Loss: 0.0002485 Test Loss: 0.0002685 

Epoch: 105 cost time: 3.8319766521453857
Epoch: 105, Steps: 18 | Train Loss: 0.0015100 Vali Loss: 0.0002580 Test Loss: 0.0002806 

Epoch: 106 cost time: 4.35191011428833
Epoch: 106, Steps: 18 | Train Loss: 0.0013033 Vali Loss: 0.0002300 Test Loss: 0.0002503 

Epoch: 107 cost time: 4.083956956863403
Epoch: 107, Steps: 18 | Train Loss: 0.0012759 Vali Loss: 0.0005266 Test Loss: 0.0005604 

Epoch: 108 cost time: 3.9552648067474365
Epoch: 108, Steps: 18 | Train Loss: 0.0011892 Vali Loss: 0.0002619 Test Loss: 0.0002866 

Epoch: 109 cost time: 3.9864869117736816
Epoch: 109, Steps: 18 | Train Loss: 0.0012525 Vali Loss: 0.0003675 Test Loss: 0.0003952 

Epoch: 110 cost time: 4.114893198013306
Epoch: 110, Steps: 18 | Train Loss: 0.0011519 Vali Loss: 0.0003865 Test Loss: 0.0004166 

Epoch: 111 cost time: 4.590865850448608
Epoch: 111, Steps: 18 | Train Loss: 0.0011571 Vali Loss: 0.0002268 Test Loss: 0.0002489 

Epoch: 112 cost time: 4.289241075515747
Epoch: 112, Steps: 18 | Train Loss: 0.0011922 Vali Loss: 0.0002543 Test Loss: 0.0002747 

Epoch: 113 cost time: 4.033820867538452
Epoch: 113, Steps: 18 | Train Loss: 0.0011355 Vali Loss: 0.0004458 Test Loss: 0.0004725 

Epoch: 114 cost time: 3.967700958251953
Epoch: 114, Steps: 18 | Train Loss: 0.0011100 Vali Loss: 0.0002644 Test Loss: 0.0002834 

Epoch: 115 cost time: 4.005249738693237
Epoch: 115, Steps: 18 | Train Loss: 0.0011232 Vali Loss: 0.0002606 Test Loss: 0.0002842 

Epoch: 116 cost time: 3.9544994831085205
Epoch: 116, Steps: 18 | Train Loss: 0.0012432 Vali Loss: 0.0004096 Test Loss: 0.0004379 

Epoch: 117 cost time: 3.960627317428589
Epoch: 117, Steps: 18 | Train Loss: 0.0012104 Vali Loss: 0.0005638 Test Loss: 0.0005825 

Epoch: 118 cost time: 3.9088149070739746
Epoch: 118, Steps: 18 | Train Loss: 0.0010932 Vali Loss: 0.0002785 Test Loss: 0.0002976 

Epoch: 119 cost time: 3.9030630588531494
Epoch: 119, Steps: 18 | Train Loss: 0.0011880 Vali Loss: 0.0003167 Test Loss: 0.0003432 

Epoch: 120 cost time: 3.8982694149017334
Epoch: 120, Steps: 18 | Train Loss: 0.0011153 Vali Loss: 0.0002716 Test Loss: 0.0002958 

Epoch: 121 cost time: 3.9195964336395264
Epoch: 121, Steps: 18 | Train Loss: 0.0010909 Vali Loss: 0.0003129 Test Loss: 0.0003401 

Epoch: 122 cost time: 4.003282308578491
Epoch: 122, Steps: 18 | Train Loss: 0.0010711 Vali Loss: 0.0003101 Test Loss: 0.0003286 

Epoch: 123 cost time: 3.9050745964050293
Epoch: 123, Steps: 18 | Train Loss: 0.0011262 Vali Loss: 0.0002279 Test Loss: 0.0002492 

Epoch: 124 cost time: 3.9240376949310303
Epoch: 124, Steps: 18 | Train Loss: 0.0010550 Vali Loss: 0.0002491 Test Loss: 0.0002691 

Epoch: 125 cost time: 3.8672244548797607
Epoch: 125, Steps: 18 | Train Loss: 0.0011287 Vali Loss: 0.0002210 Test Loss: 0.0002424 

Epoch: 126 cost time: 4.018440008163452
Epoch: 126, Steps: 18 | Train Loss: 0.0010392 Vali Loss: 0.0010147 Test Loss: 0.0010656 

Epoch: 127 cost time: 4.07620096206665
Epoch: 127, Steps: 18 | Train Loss: 0.0013122 Vali Loss: 0.0002320 Test Loss: 0.0002548 

Epoch: 128 cost time: 3.9459762573242188
Epoch: 128, Steps: 18 | Train Loss: 0.0013763 Vali Loss: 0.0002389 Test Loss: 0.0002596 

Epoch: 129 cost time: 4.072824716567993
Epoch: 129, Steps: 18 | Train Loss: 0.0011009 Vali Loss: 0.0003581 Test Loss: 0.0003759 

Epoch: 130 cost time: 3.9338624477386475
Epoch: 130, Steps: 18 | Train Loss: 0.0012376 Vali Loss: 0.0003866 Test Loss: 0.0004056 

Epoch: 131 cost time: 4.041051864624023
Epoch: 131, Steps: 18 | Train Loss: 0.0010334 Vali Loss: 0.0002260 Test Loss: 0.0002473 

Epoch: 132 cost time: 3.9233481884002686
Epoch: 132, Steps: 18 | Train Loss: 0.0010025 Vali Loss: 0.0002278 Test Loss: 0.0002484 

Epoch: 133 cost time: 4.449146509170532
Epoch: 133, Steps: 18 | Train Loss: 0.0010955 Vali Loss: 0.0002485 Test Loss: 0.0002693 

Epoch: 134 cost time: 5.037176847457886
Epoch: 134, Steps: 18 | Train Loss: 0.0010172 Vali Loss: 0.0006096 Test Loss: 0.0006440 

Epoch: 135 cost time: 4.27473783493042
Epoch: 135, Steps: 18 | Train Loss: 0.0010306 Vali Loss: 0.0002242 Test Loss: 0.0002473 

Epoch: 136 cost time: 3.9931328296661377
Epoch: 136, Steps: 18 | Train Loss: 0.0009870 Vali Loss: 0.0002297 Test Loss: 0.0002536 

Epoch: 137 cost time: 3.9996092319488525
Epoch: 137, Steps: 18 | Train Loss: 0.0009679 Vali Loss: 0.0002263 Test Loss: 0.0002470 

Epoch: 138 cost time: 3.897152900695801
Epoch: 138, Steps: 18 | Train Loss: 0.0010303 Vali Loss: 0.0007237 Test Loss: 0.0007628 

Epoch: 139 cost time: 4.69076132774353
Epoch: 139, Steps: 18 | Train Loss: 0.0010295 Vali Loss: 0.0004431 Test Loss: 0.0004582 

Epoch: 140 cost time: 4.288211107254028
Epoch: 140, Steps: 18 | Train Loss: 0.0010515 Vali Loss: 0.0003950 Test Loss: 0.0004264 

Epoch: 141 cost time: 4.300943374633789
Epoch: 141, Steps: 18 | Train Loss: 0.0009504 Vali Loss: 0.0002501 Test Loss: 0.0002740 

Epoch: 142 cost time: 3.9106550216674805
Epoch: 142, Steps: 18 | Train Loss: 0.0009761 Vali Loss: 0.0002255 Test Loss: 0.0002484 

Epoch: 143 cost time: 4.054806709289551
Epoch: 143, Steps: 18 | Train Loss: 0.0009187 Vali Loss: 0.0002642 Test Loss: 0.0002850 

Epoch: 144 cost time: 4.123376846313477
Epoch: 144, Steps: 18 | Train Loss: 0.0009461 Vali Loss: 0.0003011 Test Loss: 0.0003291 

Epoch: 145 cost time: 4.108861207962036
Epoch: 145, Steps: 18 | Train Loss: 0.0009978 Vali Loss: 0.0002252 Test Loss: 0.0002489 

Epoch: 146 cost time: 4.43050217628479
Epoch: 146, Steps: 18 | Train Loss: 0.0009571 Vali Loss: 0.0002240 Test Loss: 0.0002464 

Epoch: 147 cost time: 3.9257540702819824
Epoch: 147, Steps: 18 | Train Loss: 0.0010426 Vali Loss: 0.0012527 Test Loss: 0.0012749 

Epoch: 148 cost time: 3.9416868686676025
Epoch: 148, Steps: 18 | Train Loss: 0.0011237 Vali Loss: 0.0003134 Test Loss: 0.0003407 

Epoch: 149 cost time: 4.112757444381714
Epoch: 149, Steps: 18 | Train Loss: 0.0011085 Vali Loss: 0.0002865 Test Loss: 0.0003109 

Epoch: 150 cost time: 4.126178503036499
Epoch: 150, Steps: 18 | Train Loss: 0.0010090 Vali Loss: 0.0002744 Test Loss: 0.0002972 

Epoch: 151 cost time: 3.9063737392425537
Epoch: 151, Steps: 18 | Train Loss: 0.0009244 Vali Loss: 0.0004110 Test Loss: 0.0004375 

Epoch: 152 cost time: 3.9852678775787354
Epoch: 152, Steps: 18 | Train Loss: 0.0009232 Vali Loss: 0.0002229 Test Loss: 0.0002460 

Epoch: 153 cost time: 3.8868634700775146
Epoch: 153, Steps: 18 | Train Loss: 0.0010363 Vali Loss: 0.0003996 Test Loss: 0.0004195 

Epoch: 154 cost time: 4.095223665237427
Epoch: 154, Steps: 18 | Train Loss: 0.0009624 Vali Loss: 0.0003083 Test Loss: 0.0003288 

Epoch: 155 cost time: 3.964188575744629
Epoch: 155, Steps: 18 | Train Loss: 0.0009910 Vali Loss: 0.0003103 Test Loss: 0.0003322 

Epoch: 156 cost time: 4.180756568908691
Epoch: 156, Steps: 18 | Train Loss: 0.0010250 Vali Loss: 0.0003401 Test Loss: 0.0003595 

Epoch: 157 cost time: 3.918243646621704
Epoch: 157, Steps: 18 | Train Loss: 0.0008886 Vali Loss: 0.0002511 Test Loss: 0.0002734 

Epoch: 158 cost time: 3.9928863048553467
Epoch: 158, Steps: 18 | Train Loss: 0.0009749 Vali Loss: 0.0002701 Test Loss: 0.0002925 

Epoch: 159 cost time: 3.9154281616210938
Epoch: 159, Steps: 18 | Train Loss: 0.0009230 Vali Loss: 0.0003317 Test Loss: 0.0003567 

Epoch: 160 cost time: 3.863569498062134
Epoch: 160, Steps: 18 | Train Loss: 0.0009867 Vali Loss: 0.0002245 Test Loss: 0.0002456 

Epoch: 161 cost time: 4.000208139419556
Epoch: 161, Steps: 18 | Train Loss: 0.0010015 Vali Loss: 0.0002399 Test Loss: 0.0002615 

Epoch: 162 cost time: 3.8448562622070312
Epoch: 162, Steps: 18 | Train Loss: 0.0009118 Vali Loss: 0.0002331 Test Loss: 0.0002560 

Epoch: 163 cost time: 4.030027866363525
Epoch: 163, Steps: 18 | Train Loss: 0.0009403 Vali Loss: 0.0002245 Test Loss: 0.0002468 

Epoch: 164 cost time: 3.943009376525879
Epoch: 164, Steps: 18 | Train Loss: 0.0008957 Vali Loss: 0.0003401 Test Loss: 0.0003644 

Epoch: 165 cost time: 3.8609635829925537
Epoch: 165, Steps: 18 | Train Loss: 0.0009239 Vali Loss: 0.0004334 Test Loss: 0.0004596 

Epoch: 166 cost time: 4.023489475250244
Epoch: 166, Steps: 18 | Train Loss: 0.0009057 Vali Loss: 0.0004767 Test Loss: 0.0005083 

Epoch: 167 cost time: 3.9279682636260986
Epoch: 167, Steps: 18 | Train Loss: 0.0009866 Vali Loss: 0.0002511 Test Loss: 0.0002713 

Epoch: 168 cost time: 4.036376953125
Epoch: 168, Steps: 18 | Train Loss: 0.0009418 Vali Loss: 0.0002264 Test Loss: 0.0002484 

Epoch: 169 cost time: 3.9825048446655273
Epoch: 169, Steps: 18 | Train Loss: 0.0009570 Vali Loss: 0.0002246 Test Loss: 0.0002480 

Epoch: 170 cost time: 4.0316102504730225
Epoch: 170, Steps: 18 | Train Loss: 0.0008974 Vali Loss: 0.0002982 Test Loss: 0.0003233 

Epoch: 171 cost time: 4.386770725250244
Epoch: 171, Steps: 18 | Train Loss: 0.0009544 Vali Loss: 0.0003753 Test Loss: 0.0004063 

Epoch: 172 cost time: 3.9008262157440186
Epoch: 172, Steps: 18 | Train Loss: 0.0008918 Vali Loss: 0.0002765 Test Loss: 0.0003022 

Epoch: 173 cost time: 4.006765365600586
Epoch: 173, Steps: 18 | Train Loss: 0.0008599 Vali Loss: 0.0003633 Test Loss: 0.0003814 

Epoch: 174 cost time: 3.8907527923583984
Epoch: 174, Steps: 18 | Train Loss: 0.0012412 Vali Loss: 0.0004570 Test Loss: 0.0004859 

Epoch: 175 cost time: 4.00940465927124
Epoch: 175, Steps: 18 | Train Loss: 0.0009765 Vali Loss: 0.0003196 Test Loss: 0.0003411 

Epoch: 176 cost time: 4.034723520278931
Epoch: 176, Steps: 18 | Train Loss: 0.0008693 Vali Loss: 0.0002474 Test Loss: 0.0002717 

Epoch: 177 cost time: 3.896946907043457
Epoch: 177, Steps: 18 | Train Loss: 0.0008471 Vali Loss: 0.0002535 Test Loss: 0.0002789 

Epoch: 178 cost time: 3.898768901824951
Epoch: 178, Steps: 18 | Train Loss: 0.0009079 Vali Loss: 0.0003022 Test Loss: 0.0003284 

Epoch: 179 cost time: 4.037564516067505
Epoch: 179, Steps: 18 | Train Loss: 0.0008461 Vali Loss: 0.0002426 Test Loss: 0.0002686 

Epoch: 180 cost time: 4.4058518409729
Epoch: 180, Steps: 18 | Train Loss: 0.0008501 Vali Loss: 0.0002215 Test Loss: 0.0002438 

Epoch: 181 cost time: 4.367081880569458
Epoch: 181, Steps: 18 | Train Loss: 0.0009050 Vali Loss: 0.0002271 Test Loss: 0.0002486 

Epoch: 182 cost time: 4.110674619674683
Epoch: 182, Steps: 18 | Train Loss: 0.0009269 Vali Loss: 0.0004569 Test Loss: 0.0004739 

Epoch: 183 cost time: 3.931318998336792
Epoch: 183, Steps: 18 | Train Loss: 0.0009159 Vali Loss: 0.0005396 Test Loss: 0.0005576 

Epoch: 184 cost time: 4.453076362609863
Epoch: 184, Steps: 18 | Train Loss: 0.0008987 Vali Loss: 0.0004525 Test Loss: 0.0004823 

Epoch: 185 cost time: 4.150294780731201
Epoch: 185, Steps: 18 | Train Loss: 0.0008881 Vali Loss: 0.0003824 Test Loss: 0.0004118 

Epoch: 186 cost time: 3.943063259124756
Epoch: 186, Steps: 18 | Train Loss: 0.0008955 Vali Loss: 0.0002446 Test Loss: 0.0002655 

Epoch: 187 cost time: 3.9650418758392334
Epoch: 187, Steps: 18 | Train Loss: 0.0008878 Vali Loss: 0.0004228 Test Loss: 0.0004415 

Epoch: 188 cost time: 3.9534077644348145
Epoch: 188, Steps: 18 | Train Loss: 0.0008861 Vali Loss: 0.0002951 Test Loss: 0.0003224 

Epoch: 189 cost time: 4.019445419311523
Epoch: 189, Steps: 18 | Train Loss: 0.0008541 Vali Loss: 0.0003033 Test Loss: 0.0003296 

Epoch: 190 cost time: 3.9976820945739746
Epoch: 190, Steps: 18 | Train Loss: 0.0008473 Vali Loss: 0.0003669 Test Loss: 0.0003948 

Epoch: 191 cost time: 4.353636264801025
Epoch: 191, Steps: 18 | Train Loss: 0.0008576 Vali Loss: 0.0003611 Test Loss: 0.0003821 

Epoch: 192 cost time: 4.359516620635986
Epoch: 192, Steps: 18 | Train Loss: 0.0008392 Vali Loss: 0.0002887 Test Loss: 0.0003093 

Epoch: 193 cost time: 3.9463977813720703
Epoch: 193, Steps: 18 | Train Loss: 0.0008712 Vali Loss: 0.0002281 Test Loss: 0.0002511 

Epoch: 194 cost time: 4.069513559341431
Epoch: 194, Steps: 18 | Train Loss: 0.0008010 Vali Loss: 0.0003161 Test Loss: 0.0003426 

Epoch: 195 cost time: 4.091739892959595
Epoch: 195, Steps: 18 | Train Loss: 0.0008775 Vali Loss: 0.0002609 Test Loss: 0.0002834 

Epoch: 196 cost time: 4.182446002960205
Epoch: 196, Steps: 18 | Train Loss: 0.0008812 Vali Loss: 0.0003685 Test Loss: 0.0003954 

Epoch: 197 cost time: 3.9436933994293213
Epoch: 197, Steps: 18 | Train Loss: 0.0008575 Vali Loss: 0.0002797 Test Loss: 0.0003038 

Epoch: 198 cost time: 4.162183046340942
Epoch: 198, Steps: 18 | Train Loss: 0.0009799 Vali Loss: 0.0002623 Test Loss: 0.0002837 

Epoch: 199 cost time: 3.930720090866089
Epoch: 199, Steps: 18 | Train Loss: 0.0009558 Vali Loss: 0.0002764 Test Loss: 0.0002942 

Epoch: 200 cost time: 4.416898965835571
Epoch: 200, Steps: 18 | Train Loss: 0.0008761 Vali Loss: 0.0002221 Test Loss: 0.0002462 

>>>>>>>testing : miraeH_Autoformer_Autoformer_miraeH_ftM_sl72_ll12_pl12_dm512_nh8_el2_dl1_df2048_fc3_ebtimeF_dtTrue_Exp_0<<<<<<<<<<<<<<<<<<<<<<<<<<<<<<<<<
test
mse:0.0002423033001832664, mae:0.004635822027921677
