Args in experiment:
Namespace(is_training=1, model_id='miraeH_DLinear', model='DLinear', data='miraeH', root_path='./data/ETT/', data_path='ETTh1.csv', features='M', target='OT', freq='h', checkpoints='./checkpoints/', x_data_path='../Data/x_H.npy', y_data_path='../Data/y_H.npy', seq_len=72, label_len=48, pred_len=12, hidden_size=128, input_size=22, individual=False, embed_type=0, enc_in=7, dec_in=7, c_out=7, d_model=512, n_heads=8, e_layers=2, d_layers=1, d_ff=2048, moving_avg=25, factor=1, distil=True, dropout=0.05, embed='timeF', activation='gelu', output_attention=False, do_predict=False, num_workers=10, itr=1, train_epochs=200, batch_size=256, patience=3, learning_rate=0.001, des='Exp', loss='mse', lradj='type1', use_amp=False, use_gpu=True, gpu=0, use_multi_gpu=False, devices='0,1,2,3', test_flop=False)
Use GPU: cuda:0
>>>>>>>start training : miraeH_DLinear_DLinear_miraeH_ftM_sl72_ll48_pl12_dm512_nh8_el2_dl1_df2048_fc1_ebtimeF_dtTrue_Exp_0>>>>>>>>>>>>>>>>>>>>>>>>>>
train
val
test
Epoch: 1 cost time: 1.6302952766418457
Epoch: 1, Steps: 18 | Train Loss: 0.0111503 Vali Loss: 0.0045303 Test Loss: 0.0043676 

Epoch: 2 cost time: 1.291421890258789
Epoch: 2, Steps: 18 | Train Loss: 0.0042013 Vali Loss: 0.0024528 Test Loss: 0.0024323 

Epoch: 3 cost time: 1.0538575649261475
Epoch: 3, Steps: 18 | Train Loss: 0.0023897 Vali Loss: 0.0015302 Test Loss: 0.0015620 

Epoch: 4 cost time: 1.0422987937927246
Epoch: 4, Steps: 18 | Train Loss: 0.0015963 Vali Loss: 0.0009958 Test Loss: 0.0010255 

Epoch: 5 cost time: 0.9715228080749512
Epoch: 5, Steps: 18 | Train Loss: 0.0011329 Vali Loss: 0.0006411 Test Loss: 0.0006671 

Epoch: 6 cost time: 1.0030462741851807
Epoch: 6, Steps: 18 | Train Loss: 0.0008301 Vali Loss: 0.0004175 Test Loss: 0.0004420 

Epoch: 7 cost time: 1.0496611595153809
Epoch: 7, Steps: 18 | Train Loss: 0.0006362 Vali Loss: 0.0002785 Test Loss: 0.0003015 

Epoch: 8 cost time: 1.0344078540802002
Epoch: 8, Steps: 18 | Train Loss: 0.0005148 Vali Loss: 0.0001963 Test Loss: 0.0002178 

Epoch: 9 cost time: 1.0228874683380127
Epoch: 9, Steps: 18 | Train Loss: 0.0004385 Vali Loss: 0.0001496 Test Loss: 0.0001702 

Epoch: 10 cost time: 1.0648949146270752
Epoch: 10, Steps: 18 | Train Loss: 0.0003933 Vali Loss: 0.0001239 Test Loss: 0.0001435 

Epoch: 11 cost time: 1.168130874633789
Epoch: 11, Steps: 18 | Train Loss: 0.0003654 Vali Loss: 0.0001104 Test Loss: 0.0001285 

Epoch: 12 cost time: 1.197923183441162
Epoch: 12, Steps: 18 | Train Loss: 0.0003476 Vali Loss: 0.0001027 Test Loss: 0.0001202 

Epoch: 13 cost time: 1.4417943954467773
Epoch: 13, Steps: 18 | Train Loss: 0.0003327 Vali Loss: 0.0000981 Test Loss: 0.0001142 

Epoch: 14 cost time: 1.2687225341796875
Epoch: 14, Steps: 18 | Train Loss: 0.0003219 Vali Loss: 0.0000950 Test Loss: 0.0001103 

Epoch: 15 cost time: 1.249302625656128
Epoch: 15, Steps: 18 | Train Loss: 0.0003139 Vali Loss: 0.0000926 Test Loss: 0.0001072 

Epoch: 16 cost time: 1.093747615814209
Epoch: 16, Steps: 18 | Train Loss: 0.0003054 Vali Loss: 0.0000907 Test Loss: 0.0001044 

Epoch: 17 cost time: 1.0378491878509521
Epoch: 17, Steps: 18 | Train Loss: 0.0002982 Vali Loss: 0.0000896 Test Loss: 0.0001022 

Epoch: 18 cost time: 1.0737950801849365
Epoch: 18, Steps: 18 | Train Loss: 0.0002934 Vali Loss: 0.0000878 Test Loss: 0.0001000 

Epoch: 19 cost time: 1.3485796451568604
Epoch: 19, Steps: 18 | Train Loss: 0.0002883 Vali Loss: 0.0000872 Test Loss: 0.0000981 

Epoch: 20 cost time: 1.5129921436309814
Epoch: 20, Steps: 18 | Train Loss: 0.0002821 Vali Loss: 0.0000849 Test Loss: 0.0000964 

Epoch: 21 cost time: 1.0347955226898193
Epoch: 21, Steps: 18 | Train Loss: 0.0002786 Vali Loss: 0.0000846 Test Loss: 0.0000949 

Epoch: 22 cost time: 1.0480780601501465
Epoch: 22, Steps: 18 | Train Loss: 0.0002738 Vali Loss: 0.0000841 Test Loss: 0.0000934 

Epoch: 23 cost time: 1.243241548538208
Epoch: 23, Steps: 18 | Train Loss: 0.0002703 Vali Loss: 0.0000821 Test Loss: 0.0000922 

Epoch: 24 cost time: 1.1330578327178955
Epoch: 24, Steps: 18 | Train Loss: 0.0002673 Vali Loss: 0.0000833 Test Loss: 0.0000910 

Epoch: 25 cost time: 1.3437113761901855
Epoch: 25, Steps: 18 | Train Loss: 0.0002656 Vali Loss: 0.0000822 Test Loss: 0.0000901 

Epoch: 26 cost time: 1.2252449989318848
Epoch: 26, Steps: 18 | Train Loss: 0.0002614 Vali Loss: 0.0000808 Test Loss: 0.0000888 

Epoch: 27 cost time: 1.019948959350586
Epoch: 27, Steps: 18 | Train Loss: 0.0002580 Vali Loss: 0.0000808 Test Loss: 0.0000880 

Epoch: 28 cost time: 1.02689790725708
Epoch: 28, Steps: 18 | Train Loss: 0.0002561 Vali Loss: 0.0000804 Test Loss: 0.0000872 

Epoch: 29 cost time: 1.1547138690948486
Epoch: 29, Steps: 18 | Train Loss: 0.0002545 Vali Loss: 0.0000796 Test Loss: 0.0000866 

Epoch: 30 cost time: 1.2382433414459229
Epoch: 30, Steps: 18 | Train Loss: 0.0002543 Vali Loss: 0.0000812 Test Loss: 0.0000862 

Epoch: 31 cost time: 1.0278170108795166
Epoch: 31, Steps: 18 | Train Loss: 0.0002514 Vali Loss: 0.0000792 Test Loss: 0.0000851 

Epoch: 32 cost time: 1.0372185707092285
Epoch: 32, Steps: 18 | Train Loss: 0.0002485 Vali Loss: 0.0000788 Test Loss: 0.0000848 

Epoch: 33 cost time: 1.0257909297943115
Epoch: 33, Steps: 18 | Train Loss: 0.0002480 Vali Loss: 0.0000785 Test Loss: 0.0000842 

Epoch: 34 cost time: 1.0300824642181396
Epoch: 34, Steps: 18 | Train Loss: 0.0002460 Vali Loss: 0.0000787 Test Loss: 0.0000836 

Epoch: 35 cost time: 1.0494921207427979
Epoch: 35, Steps: 18 | Train Loss: 0.0002457 Vali Loss: 0.0000789 Test Loss: 0.0000834 

Epoch: 36 cost time: 1.367652177810669
Epoch: 36, Steps: 18 | Train Loss: 0.0002439 Vali Loss: 0.0000779 Test Loss: 0.0000830 

Epoch: 37 cost time: 1.4139416217803955
Epoch: 37, Steps: 18 | Train Loss: 0.0002425 Vali Loss: 0.0000781 Test Loss: 0.0000825 

Epoch: 38 cost time: 1.0291318893432617
Epoch: 38, Steps: 18 | Train Loss: 0.0002427 Vali Loss: 0.0000781 Test Loss: 0.0000823 

Epoch: 39 cost time: 1.1019740104675293
Epoch: 39, Steps: 18 | Train Loss: 0.0002427 Vali Loss: 0.0000776 Test Loss: 0.0000820 

Epoch: 40 cost time: 1.0628693103790283
Epoch: 40, Steps: 18 | Train Loss: 0.0002409 Vali Loss: 0.0000774 Test Loss: 0.0000820 

Epoch: 41 cost time: 1.3810646533966064
Epoch: 41, Steps: 18 | Train Loss: 0.0002404 Vali Loss: 0.0000779 Test Loss: 0.0000816 

Epoch: 42 cost time: 1.2161853313446045
Epoch: 42, Steps: 18 | Train Loss: 0.0002390 Vali Loss: 0.0000778 Test Loss: 0.0000812 

Epoch: 43 cost time: 1.022695779800415
Epoch: 43, Steps: 18 | Train Loss: 0.0002386 Vali Loss: 0.0000781 Test Loss: 0.0000811 

Epoch: 44 cost time: 1.0489683151245117
Epoch: 44, Steps: 18 | Train Loss: 0.0002387 Vali Loss: 0.0000776 Test Loss: 0.0000811 

Epoch: 45 cost time: 1.119490146636963
Epoch: 45, Steps: 18 | Train Loss: 0.0002385 Vali Loss: 0.0000774 Test Loss: 0.0000806 

Epoch: 46 cost time: 1.3358190059661865
Epoch: 46, Steps: 18 | Train Loss: 0.0002377 Vali Loss: 0.0000785 Test Loss: 0.0000806 

Epoch: 47 cost time: 1.1404364109039307
Epoch: 47, Steps: 18 | Train Loss: 0.0002363 Vali Loss: 0.0000772 Test Loss: 0.0000800 

Epoch: 48 cost time: 1.446824073791504
Epoch: 48, Steps: 18 | Train Loss: 0.0002364 Vali Loss: 0.0000770 Test Loss: 0.0000804 

Epoch: 49 cost time: 1.2669126987457275
Epoch: 49, Steps: 18 | Train Loss: 0.0002351 Vali Loss: 0.0000772 Test Loss: 0.0000800 

Epoch: 50 cost time: 1.0010557174682617
Epoch: 50, Steps: 18 | Train Loss: 0.0002345 Vali Loss: 0.0000790 Test Loss: 0.0000799 

Epoch: 51 cost time: 1.0294291973114014
Epoch: 51, Steps: 18 | Train Loss: 0.0002356 Vali Loss: 0.0000783 Test Loss: 0.0000801 

Epoch: 52 cost time: 1.299201488494873
Epoch: 52, Steps: 18 | Train Loss: 0.0002348 Vali Loss: 0.0000774 Test Loss: 0.0000798 

Epoch: 53 cost time: 1.3082900047302246
Epoch: 53, Steps: 18 | Train Loss: 0.0002332 Vali Loss: 0.0000774 Test Loss: 0.0000795 

Epoch: 54 cost time: 1.0806078910827637
Epoch: 54, Steps: 18 | Train Loss: 0.0002348 Vali Loss: 0.0000767 Test Loss: 0.0000798 

Epoch: 55 cost time: 1.0140008926391602
Epoch: 55, Steps: 18 | Train Loss: 0.0002336 Vali Loss: 0.0000779 Test Loss: 0.0000794 

Epoch: 56 cost time: 1.2337040901184082
Epoch: 56, Steps: 18 | Train Loss: 0.0002323 Vali Loss: 0.0000776 Test Loss: 0.0000793 

Epoch: 57 cost time: 1.373328447341919
Epoch: 57, Steps: 18 | Train Loss: 0.0002338 Vali Loss: 0.0000774 Test Loss: 0.0000797 

Epoch: 58 cost time: 1.111377477645874
Epoch: 58, Steps: 18 | Train Loss: 0.0002325 Vali Loss: 0.0000776 Test Loss: 0.0000792 

Epoch: 59 cost time: 1.0252628326416016
Epoch: 59, Steps: 18 | Train Loss: 0.0002312 Vali Loss: 0.0000773 Test Loss: 0.0000789 

Epoch: 60 cost time: 1.0737767219543457
Epoch: 60, Steps: 18 | Train Loss: 0.0002315 Vali Loss: 0.0000769 Test Loss: 0.0000789 

Epoch: 61 cost time: 1.1584529876708984
Epoch: 61, Steps: 18 | Train Loss: 0.0002325 Vali Loss: 0.0000770 Test Loss: 0.0000793 

Epoch: 62 cost time: 1.1886825561523438
Epoch: 62, Steps: 18 | Train Loss: 0.0002313 Vali Loss: 0.0000789 Test Loss: 0.0000792 

Epoch: 63 cost time: 1.0208663940429688
Epoch: 63, Steps: 18 | Train Loss: 0.0002311 Vali Loss: 0.0000778 Test Loss: 0.0000787 

Epoch: 64 cost time: 1.0252618789672852
Epoch: 64, Steps: 18 | Train Loss: 0.0002306 Vali Loss: 0.0000773 Test Loss: 0.0000790 

Epoch: 65 cost time: 1.1555304527282715
Epoch: 65, Steps: 18 | Train Loss: 0.0002303 Vali Loss: 0.0000777 Test Loss: 0.0000788 

Epoch: 66 cost time: 1.0852155685424805
Epoch: 66, Steps: 18 | Train Loss: 0.0002308 Vali Loss: 0.0000775 Test Loss: 0.0000787 

Epoch: 67 cost time: 1.0364234447479248
Epoch: 67, Steps: 18 | Train Loss: 0.0002305 Vali Loss: 0.0000778 Test Loss: 0.0000791 

Epoch: 68 cost time: 1.0231337547302246
Epoch: 68, Steps: 18 | Train Loss: 0.0002309 Vali Loss: 0.0000777 Test Loss: 0.0000789 

Epoch: 69 cost time: 1.0850670337677002
Epoch: 69, Steps: 18 | Train Loss: 0.0002295 Vali Loss: 0.0000795 Test Loss: 0.0000791 

Epoch: 70 cost time: 1.1379311084747314
Epoch: 70, Steps: 18 | Train Loss: 0.0002305 Vali Loss: 0.0000780 Test Loss: 0.0000785 

Epoch: 71 cost time: 1.040048599243164
Epoch: 71, Steps: 18 | Train Loss: 0.0002309 Vali Loss: 0.0000783 Test Loss: 0.0000788 

Epoch: 72 cost time: 1.0199031829833984
Epoch: 72, Steps: 18 | Train Loss: 0.0002304 Vali Loss: 0.0000775 Test Loss: 0.0000786 

Epoch: 73 cost time: 1.2317097187042236
Epoch: 73, Steps: 18 | Train Loss: 0.0002297 Vali Loss: 0.0000776 Test Loss: 0.0000787 

Epoch: 74 cost time: 1.2980504035949707
Epoch: 74, Steps: 18 | Train Loss: 0.0002293 Vali Loss: 0.0000773 Test Loss: 0.0000786 

Epoch: 75 cost time: 1.3106074333190918
Epoch: 75, Steps: 18 | Train Loss: 0.0002291 Vali Loss: 0.0000779 Test Loss: 0.0000788 

Epoch: 76 cost time: 1.5116987228393555
Epoch: 76, Steps: 18 | Train Loss: 0.0002291 Vali Loss: 0.0000776 Test Loss: 0.0000785 

Epoch: 77 cost time: 1.1768097877502441
Epoch: 77, Steps: 18 | Train Loss: 0.0002304 Vali Loss: 0.0000776 Test Loss: 0.0000788 

Epoch: 78 cost time: 1.2689392566680908
Epoch: 78, Steps: 18 | Train Loss: 0.0002292 Vali Loss: 0.0000777 Test Loss: 0.0000783 

Epoch: 79 cost time: 1.3028855323791504
Epoch: 79, Steps: 18 | Train Loss: 0.0002300 Vali Loss: 0.0000783 Test Loss: 0.0000788 

Epoch: 80 cost time: 1.0663402080535889
Epoch: 80, Steps: 18 | Train Loss: 0.0002283 Vali Loss: 0.0000782 Test Loss: 0.0000784 

Epoch: 81 cost time: 1.2924151420593262
Epoch: 81, Steps: 18 | Train Loss: 0.0002296 Vali Loss: 0.0000788 Test Loss: 0.0000786 

Epoch: 82 cost time: 1.3685059547424316
Epoch: 82, Steps: 18 | Train Loss: 0.0002295 Vali Loss: 0.0000791 Test Loss: 0.0000788 

Epoch: 83 cost time: 0.9745004177093506
Epoch: 83, Steps: 18 | Train Loss: 0.0002312 Vali Loss: 0.0000783 Test Loss: 0.0000787 

Epoch: 84 cost time: 1.253004550933838
Epoch: 84, Steps: 18 | Train Loss: 0.0002298 Vali Loss: 0.0000784 Test Loss: 0.0000789 

Epoch: 85 cost time: 1.0594370365142822
Epoch: 85, Steps: 18 | Train Loss: 0.0002288 Vali Loss: 0.0000798 Test Loss: 0.0000787 

Epoch: 86 cost time: 1.0567080974578857
Epoch: 86, Steps: 18 | Train Loss: 0.0002300 Vali Loss: 0.0000814 Test Loss: 0.0000794 

Epoch: 87 cost time: 1.0074162483215332
Epoch: 87, Steps: 18 | Train Loss: 0.0002299 Vali Loss: 0.0000792 Test Loss: 0.0000786 

Epoch: 88 cost time: 1.0364830493927002
Epoch: 88, Steps: 18 | Train Loss: 0.0002297 Vali Loss: 0.0000796 Test Loss: 0.0000792 

Epoch: 89 cost time: 1.0720820426940918
Epoch: 89, Steps: 18 | Train Loss: 0.0002297 Vali Loss: 0.0000806 Test Loss: 0.0000793 

Epoch: 90 cost time: 1.0020346641540527
Epoch: 90, Steps: 18 | Train Loss: 0.0002291 Vali Loss: 0.0000781 Test Loss: 0.0000787 

Epoch: 91 cost time: 1.0893316268920898
Epoch: 91, Steps: 18 | Train Loss: 0.0002291 Vali Loss: 0.0000783 Test Loss: 0.0000788 

Epoch: 92 cost time: 1.126030445098877
Epoch: 92, Steps: 18 | Train Loss: 0.0002283 Vali Loss: 0.0000781 Test Loss: 0.0000787 

Epoch: 93 cost time: 1.0033717155456543
Epoch: 93, Steps: 18 | Train Loss: 0.0002290 Vali Loss: 0.0000781 Test Loss: 0.0000787 

Epoch: 94 cost time: 1.3761563301086426
Epoch: 94, Steps: 18 | Train Loss: 0.0002301 Vali Loss: 0.0000817 Test Loss: 0.0000797 

Epoch: 95 cost time: 1.1062593460083008
Epoch: 95, Steps: 18 | Train Loss: 0.0002288 Vali Loss: 0.0000781 Test Loss: 0.0000787 

Epoch: 96 cost time: 1.2980337142944336
Epoch: 96, Steps: 18 | Train Loss: 0.0002290 Vali Loss: 0.0000789 Test Loss: 0.0000783 

Epoch: 97 cost time: 1.1491262912750244
Epoch: 97, Steps: 18 | Train Loss: 0.0002280 Vali Loss: 0.0000789 Test Loss: 0.0000786 

Epoch: 98 cost time: 1.0269639492034912
Epoch: 98, Steps: 18 | Train Loss: 0.0002289 Vali Loss: 0.0000783 Test Loss: 0.0000787 

Epoch: 99 cost time: 1.2076878547668457
Epoch: 99, Steps: 18 | Train Loss: 0.0002286 Vali Loss: 0.0000786 Test Loss: 0.0000788 

Epoch: 100 cost time: 1.1373910903930664
Epoch: 100, Steps: 18 | Train Loss: 0.0002283 Vali Loss: 0.0000792 Test Loss: 0.0000788 

Epoch: 101 cost time: 1.361558198928833
Epoch: 101, Steps: 18 | Train Loss: 0.0002285 Vali Loss: 0.0000788 Test Loss: 0.0000789 

Epoch: 102 cost time: 1.1621222496032715
Epoch: 102, Steps: 18 | Train Loss: 0.0002282 Vali Loss: 0.0000785 Test Loss: 0.0000786 

Epoch: 103 cost time: 1.0935072898864746
Epoch: 103, Steps: 18 | Train Loss: 0.0002274 Vali Loss: 0.0000801 Test Loss: 0.0000787 

Epoch: 104 cost time: 1.0675208568572998
Epoch: 104, Steps: 18 | Train Loss: 0.0002281 Vali Loss: 0.0000786 Test Loss: 0.0000788 

Epoch: 105 cost time: 0.967078685760498
Epoch: 105, Steps: 18 | Train Loss: 0.0002281 Vali Loss: 0.0000804 Test Loss: 0.0000787 

Epoch: 106 cost time: 1.0333030223846436
Epoch: 106, Steps: 18 | Train Loss: 0.0002287 Vali Loss: 0.0000803 Test Loss: 0.0000790 

Epoch: 107 cost time: 1.078679084777832
Epoch: 107, Steps: 18 | Train Loss: 0.0002292 Vali Loss: 0.0000799 Test Loss: 0.0000799 

Epoch: 108 cost time: 1.040555715560913
Epoch: 108, Steps: 18 | Train Loss: 0.0002294 Vali Loss: 0.0000799 Test Loss: 0.0000789 

Epoch: 109 cost time: 0.9357855319976807
Epoch: 109, Steps: 18 | Train Loss: 0.0002273 Vali Loss: 0.0000785 Test Loss: 0.0000793 

Epoch: 110 cost time: 1.1358277797698975
Epoch: 110, Steps: 18 | Train Loss: 0.0002284 Vali Loss: 0.0000798 Test Loss: 0.0000789 

Epoch: 111 cost time: 1.0429372787475586
Epoch: 111, Steps: 18 | Train Loss: 0.0002284 Vali Loss: 0.0000789 Test Loss: 0.0000788 

Epoch: 112 cost time: 1.0604817867279053
Epoch: 112, Steps: 18 | Train Loss: 0.0002286 Vali Loss: 0.0000807 Test Loss: 0.0000790 

Epoch: 113 cost time: 0.9461243152618408
Epoch: 113, Steps: 18 | Train Loss: 0.0002278 Vali Loss: 0.0000797 Test Loss: 0.0000789 

Epoch: 114 cost time: 1.0321862697601318
Epoch: 114, Steps: 18 | Train Loss: 0.0002281 Vali Loss: 0.0000793 Test Loss: 0.0000786 

Epoch: 115 cost time: 1.2595479488372803
Epoch: 115, Steps: 18 | Train Loss: 0.0002274 Vali Loss: 0.0000790 Test Loss: 0.0000788 

Epoch: 116 cost time: 1.1915929317474365
Epoch: 116, Steps: 18 | Train Loss: 0.0002277 Vali Loss: 0.0000795 Test Loss: 0.0000785 

Epoch: 117 cost time: 1.0669529438018799
Epoch: 117, Steps: 18 | Train Loss: 0.0002275 Vali Loss: 0.0000810 Test Loss: 0.0000788 

Epoch: 118 cost time: 1.072741985321045
Epoch: 118, Steps: 18 | Train Loss: 0.0002276 Vali Loss: 0.0000792 Test Loss: 0.0000792 

Epoch: 119 cost time: 1.0941636562347412
Epoch: 119, Steps: 18 | Train Loss: 0.0002273 Vali Loss: 0.0000793 Test Loss: 0.0000790 

Epoch: 120 cost time: 1.2034437656402588
Epoch: 120, Steps: 18 | Train Loss: 0.0002275 Vali Loss: 0.0000815 Test Loss: 0.0000792 

Epoch: 121 cost time: 1.0942418575286865
Epoch: 121, Steps: 18 | Train Loss: 0.0002286 Vali Loss: 0.0000794 Test Loss: 0.0000792 

Epoch: 122 cost time: 1.0712597370147705
Epoch: 122, Steps: 18 | Train Loss: 0.0002282 Vali Loss: 0.0000810 Test Loss: 0.0000790 

Epoch: 123 cost time: 1.2654712200164795
Epoch: 123, Steps: 18 | Train Loss: 0.0002283 Vali Loss: 0.0000795 Test Loss: 0.0000792 

Epoch: 124 cost time: 1.309736967086792
Epoch: 124, Steps: 18 | Train Loss: 0.0002274 Vali Loss: 0.0000801 Test Loss: 0.0000789 

Epoch: 125 cost time: 1.039893627166748
Epoch: 125, Steps: 18 | Train Loss: 0.0002279 Vali Loss: 0.0000809 Test Loss: 0.0000791 

Epoch: 126 cost time: 0.9666652679443359
Epoch: 126, Steps: 18 | Train Loss: 0.0002273 Vali Loss: 0.0000800 Test Loss: 0.0000789 

Epoch: 127 cost time: 1.0059902667999268
Epoch: 127, Steps: 18 | Train Loss: 0.0002267 Vali Loss: 0.0000799 Test Loss: 0.0000795 

Epoch: 128 cost time: 1.2586781978607178
Epoch: 128, Steps: 18 | Train Loss: 0.0002285 Vali Loss: 0.0000793 Test Loss: 0.0000792 

Epoch: 129 cost time: 1.2374284267425537
Epoch: 129, Steps: 18 | Train Loss: 0.0002285 Vali Loss: 0.0000800 Test Loss: 0.0000789 

Epoch: 130 cost time: 1.1545424461364746
Epoch: 130, Steps: 18 | Train Loss: 0.0002271 Vali Loss: 0.0000799 Test Loss: 0.0000789 

Epoch: 131 cost time: 1.1289212703704834
Epoch: 131, Steps: 18 | Train Loss: 0.0002277 Vali Loss: 0.0000794 Test Loss: 0.0000787 

Epoch: 132 cost time: 1.0573108196258545
Epoch: 132, Steps: 18 | Train Loss: 0.0002273 Vali Loss: 0.0000800 Test Loss: 0.0000789 

Epoch: 133 cost time: 1.224980354309082
Epoch: 133, Steps: 18 | Train Loss: 0.0002270 Vali Loss: 0.0000793 Test Loss: 0.0000793 

Epoch: 134 cost time: 1.0258941650390625
Epoch: 134, Steps: 18 | Train Loss: 0.0002267 Vali Loss: 0.0000805 Test Loss: 0.0000790 

Epoch: 135 cost time: 1.1350953578948975
Epoch: 135, Steps: 18 | Train Loss: 0.0002273 Vali Loss: 0.0000813 Test Loss: 0.0000791 

Epoch: 136 cost time: 1.319046974182129
Epoch: 136, Steps: 18 | Train Loss: 0.0002292 Vali Loss: 0.0000797 Test Loss: 0.0000795 

Epoch: 137 cost time: 1.2118988037109375
Epoch: 137, Steps: 18 | Train Loss: 0.0002285 Vali Loss: 0.0000805 Test Loss: 0.0000793 

Epoch: 138 cost time: 1.2778329849243164
Epoch: 138, Steps: 18 | Train Loss: 0.0002275 Vali Loss: 0.0000799 Test Loss: 0.0000791 

Epoch: 139 cost time: 1.0554492473602295
Epoch: 139, Steps: 18 | Train Loss: 0.0002273 Vali Loss: 0.0000795 Test Loss: 0.0000790 

Epoch: 140 cost time: 1.3421907424926758
Epoch: 140, Steps: 18 | Train Loss: 0.0002266 Vali Loss: 0.0000807 Test Loss: 0.0000791 

Epoch: 141 cost time: 1.2336010932922363
Epoch: 141, Steps: 18 | Train Loss: 0.0002268 Vali Loss: 0.0000806 Test Loss: 0.0000791 

Epoch: 142 cost time: 1.1458373069763184
Epoch: 142, Steps: 18 | Train Loss: 0.0002272 Vali Loss: 0.0000798 Test Loss: 0.0000789 

Epoch: 143 cost time: 1.1717960834503174
Epoch: 143, Steps: 18 | Train Loss: 0.0002286 Vali Loss: 0.0000831 Test Loss: 0.0000800 

Epoch: 144 cost time: 1.0306015014648438
Epoch: 144, Steps: 18 | Train Loss: 0.0002293 Vali Loss: 0.0000816 Test Loss: 0.0000794 

Epoch: 145 cost time: 0.9798035621643066
Epoch: 145, Steps: 18 | Train Loss: 0.0002284 Vali Loss: 0.0000798 Test Loss: 0.0000796 

Epoch: 146 cost time: 1.1897165775299072
Epoch: 146, Steps: 18 | Train Loss: 0.0002280 Vali Loss: 0.0000795 Test Loss: 0.0000794 

Epoch: 147 cost time: 1.5151283740997314
Epoch: 147, Steps: 18 | Train Loss: 0.0002272 Vali Loss: 0.0000801 Test Loss: 0.0000793 

Epoch: 148 cost time: 1.0362708568572998
Epoch: 148, Steps: 18 | Train Loss: 0.0002275 Vali Loss: 0.0000803 Test Loss: 0.0000789 

Epoch: 149 cost time: 0.997748613357544
Epoch: 149, Steps: 18 | Train Loss: 0.0002266 Vali Loss: 0.0000814 Test Loss: 0.0000792 

Epoch: 150 cost time: 1.0082297325134277
Epoch: 150, Steps: 18 | Train Loss: 0.0002282 Vali Loss: 0.0000799 Test Loss: 0.0000793 

Epoch: 151 cost time: 1.0111846923828125
Epoch: 151, Steps: 18 | Train Loss: 0.0002281 Vali Loss: 0.0000798 Test Loss: 0.0000792 

Epoch: 152 cost time: 1.026275396347046
Epoch: 152, Steps: 18 | Train Loss: 0.0002302 Vali Loss: 0.0000814 Test Loss: 0.0000795 

Epoch: 153 cost time: 1.352170705795288
Epoch: 153, Steps: 18 | Train Loss: 0.0002280 Vali Loss: 0.0000796 Test Loss: 0.0000792 

Epoch: 154 cost time: 1.3539366722106934
Epoch: 154, Steps: 18 | Train Loss: 0.0002275 Vali Loss: 0.0000795 Test Loss: 0.0000792 

Epoch: 155 cost time: 1.2064194679260254
Epoch: 155, Steps: 18 | Train Loss: 0.0002272 Vali Loss: 0.0000803 Test Loss: 0.0000790 

Epoch: 156 cost time: 1.1187071800231934
Epoch: 156, Steps: 18 | Train Loss: 0.0002272 Vali Loss: 0.0000802 Test Loss: 0.0000790 

Epoch: 157 cost time: 1.3988864421844482
Epoch: 157, Steps: 18 | Train Loss: 0.0002283 Vali Loss: 0.0000798 Test Loss: 0.0000796 

Epoch: 158 cost time: 1.29689359664917
Epoch: 158, Steps: 18 | Train Loss: 0.0002278 Vali Loss: 0.0000811 Test Loss: 0.0000794 

Epoch: 159 cost time: 0.9928128719329834
Epoch: 159, Steps: 18 | Train Loss: 0.0002280 Vali Loss: 0.0000834 Test Loss: 0.0000799 

Epoch: 160 cost time: 1.0401904582977295
Epoch: 160, Steps: 18 | Train Loss: 0.0002271 Vali Loss: 0.0000810 Test Loss: 0.0000793 

Epoch: 161 cost time: 1.0092132091522217
Epoch: 161, Steps: 18 | Train Loss: 0.0002268 Vali Loss: 0.0000803 Test Loss: 0.0000791 

Epoch: 162 cost time: 1.0265815258026123
Epoch: 162, Steps: 18 | Train Loss: 0.0002269 Vali Loss: 0.0000809 Test Loss: 0.0000790 

Epoch: 163 cost time: 1.0233592987060547
Epoch: 163, Steps: 18 | Train Loss: 0.0002278 Vali Loss: 0.0000835 Test Loss: 0.0000799 

Epoch: 164 cost time: 0.9792888164520264
Epoch: 164, Steps: 18 | Train Loss: 0.0002283 Vali Loss: 0.0000799 Test Loss: 0.0000802 

Epoch: 165 cost time: 1.0049207210540771
Epoch: 165, Steps: 18 | Train Loss: 0.0002303 Vali Loss: 0.0000801 Test Loss: 0.0000790 

Epoch: 166 cost time: 0.9975757598876953
Epoch: 166, Steps: 18 | Train Loss: 0.0002278 Vali Loss: 0.0000802 Test Loss: 0.0000792 

Epoch: 167 cost time: 0.9744541645050049
Epoch: 167, Steps: 18 | Train Loss: 0.0002278 Vali Loss: 0.0000805 Test Loss: 0.0000792 

Epoch: 168 cost time: 0.9440045356750488
Epoch: 168, Steps: 18 | Train Loss: 0.0002275 Vali Loss: 0.0000804 Test Loss: 0.0000793 

Epoch: 169 cost time: 1.165947437286377
Epoch: 169, Steps: 18 | Train Loss: 0.0002273 Vali Loss: 0.0000814 Test Loss: 0.0000794 

Epoch: 170 cost time: 1.152216911315918
Epoch: 170, Steps: 18 | Train Loss: 0.0002298 Vali Loss: 0.0000812 Test Loss: 0.0000794 

Epoch: 171 cost time: 1.0043933391571045
Epoch: 171, Steps: 18 | Train Loss: 0.0002271 Vali Loss: 0.0000815 Test Loss: 0.0000792 

Epoch: 172 cost time: 1.0047249794006348
Epoch: 172, Steps: 18 | Train Loss: 0.0002288 Vali Loss: 0.0000819 Test Loss: 0.0000792 

Epoch: 173 cost time: 1.1858012676239014
Epoch: 173, Steps: 18 | Train Loss: 0.0002283 Vali Loss: 0.0000798 Test Loss: 0.0000796 

Epoch: 174 cost time: 1.2355549335479736
Epoch: 174, Steps: 18 | Train Loss: 0.0002272 Vali Loss: 0.0000855 Test Loss: 0.0000807 

Epoch: 175 cost time: 1.0548374652862549
Epoch: 175, Steps: 18 | Train Loss: 0.0002283 Vali Loss: 0.0000800 Test Loss: 0.0000790 

Epoch: 176 cost time: 1.0421926975250244
Epoch: 176, Steps: 18 | Train Loss: 0.0002283 Vali Loss: 0.0000827 Test Loss: 0.0000799 

Epoch: 177 cost time: 1.0620951652526855
Epoch: 177, Steps: 18 | Train Loss: 0.0002280 Vali Loss: 0.0000829 Test Loss: 0.0000796 

Epoch: 178 cost time: 1.0061688423156738
Epoch: 178, Steps: 18 | Train Loss: 0.0002285 Vali Loss: 0.0000810 Test Loss: 0.0000793 

Epoch: 179 cost time: 1.0257837772369385
Epoch: 179, Steps: 18 | Train Loss: 0.0002265 Vali Loss: 0.0000802 Test Loss: 0.0000793 

Epoch: 180 cost time: 1.1546134948730469
Epoch: 180, Steps: 18 | Train Loss: 0.0002265 Vali Loss: 0.0000805 Test Loss: 0.0000794 

Epoch: 181 cost time: 1.0637216567993164
Epoch: 181, Steps: 18 | Train Loss: 0.0002262 Vali Loss: 0.0000813 Test Loss: 0.0000790 

Epoch: 182 cost time: 1.1171700954437256
Epoch: 182, Steps: 18 | Train Loss: 0.0002276 Vali Loss: 0.0000812 Test Loss: 0.0000793 

Epoch: 183 cost time: 1.0233955383300781
Epoch: 183, Steps: 18 | Train Loss: 0.0002295 Vali Loss: 0.0000808 Test Loss: 0.0000799 

Epoch: 184 cost time: 1.0291500091552734
Epoch: 184, Steps: 18 | Train Loss: 0.0002287 Vali Loss: 0.0000803 Test Loss: 0.0000792 

Epoch: 185 cost time: 1.080662488937378
Epoch: 185, Steps: 18 | Train Loss: 0.0002278 Vali Loss: 0.0000804 Test Loss: 0.0000792 

Epoch: 186 cost time: 0.9743568897247314
Epoch: 186, Steps: 18 | Train Loss: 0.0002267 Vali Loss: 0.0000803 Test Loss: 0.0000792 

Epoch: 187 cost time: 1.11238694190979
Epoch: 187, Steps: 18 | Train Loss: 0.0002273 Vali Loss: 0.0000821 Test Loss: 0.0000796 

Epoch: 188 cost time: 1.3117649555206299
Epoch: 188, Steps: 18 | Train Loss: 0.0002266 Vali Loss: 0.0000811 Test Loss: 0.0000793 

Epoch: 189 cost time: 1.5165472030639648
Epoch: 189, Steps: 18 | Train Loss: 0.0002264 Vali Loss: 0.0000804 Test Loss: 0.0000791 

Epoch: 190 cost time: 1.120903730392456
Epoch: 190, Steps: 18 | Train Loss: 0.0002270 Vali Loss: 0.0000805 Test Loss: 0.0000792 

Epoch: 191 cost time: 1.056534767150879
Epoch: 191, Steps: 18 | Train Loss: 0.0002263 Vali Loss: 0.0000802 Test Loss: 0.0000792 

Epoch: 192 cost time: 1.0007355213165283
Epoch: 192, Steps: 18 | Train Loss: 0.0002277 Vali Loss: 0.0000803 Test Loss: 0.0000795 

Epoch: 193 cost time: 1.2936797142028809
Epoch: 193, Steps: 18 | Train Loss: 0.0002275 Vali Loss: 0.0000806 Test Loss: 0.0000803 

Epoch: 194 cost time: 1.0249788761138916
Epoch: 194, Steps: 18 | Train Loss: 0.0002299 Vali Loss: 0.0000820 Test Loss: 0.0000804 

Epoch: 195 cost time: 1.0143988132476807
Epoch: 195, Steps: 18 | Train Loss: 0.0002298 Vali Loss: 0.0000814 Test Loss: 0.0000793 

Epoch: 196 cost time: 1.1740922927856445
Epoch: 196, Steps: 18 | Train Loss: 0.0002265 Vali Loss: 0.0000811 Test Loss: 0.0000794 

Epoch: 197 cost time: 1.103132724761963
Epoch: 197, Steps: 18 | Train Loss: 0.0002279 Vali Loss: 0.0000822 Test Loss: 0.0000795 

Epoch: 198 cost time: 1.2615966796875
Epoch: 198, Steps: 18 | Train Loss: 0.0002272 Vali Loss: 0.0000807 Test Loss: 0.0000793 

Epoch: 199 cost time: 1.0503153800964355
Epoch: 199, Steps: 18 | Train Loss: 0.0002278 Vali Loss: 0.0000809 Test Loss: 0.0000799 

Epoch: 200 cost time: 1.2282137870788574
Epoch: 200, Steps: 18 | Train Loss: 0.0002272 Vali Loss: 0.0000805 Test Loss: 0.0000793 

>>>>>>>testing : miraeH_DLinear_DLinear_miraeH_ftM_sl72_ll48_pl12_dm512_nh8_el2_dl1_df2048_fc1_ebtimeF_dtTrue_Exp_0<<<<<<<<<<<<<<<<<<<<<<<<<<<<<<<<<
test
mse:7.899409683886915e-05, mae:0.0018303906545042992
